#-----------------------------------------------------------
# Vivado v2018.2 (64-bit)
# SW Build 2258646 on Thu Jun 14 20:03:12 MDT 2018
# IP Build 2256618 on Thu Jun 14 22:10:49 MDT 2018
# Start of session at: Thu May 26 22:18:50 2022
# Process ID: 24700
# Current directory: C:/Users/mariu/Desktop/Proiect_SCID
# Command line: vivado.exe -gui_launcher_event rodinguilauncherevent4916 C:\Users\mariu\Desktop\Proiect_SCID\Proiect_SCID.xpr
# Log file: C:/Users/mariu/Desktop/Proiect_SCID/vivado.log
# Journal file: C:/Users/mariu/Desktop/Proiect_SCID\vivado.jou
#-----------------------------------------------------------
start_gui
open_project C:/Users/mariu/Desktop/Proiect_SCID/Proiect_SCID.xpr
Scanning sources...
Finished scanning sources
INFO: [IP_Flow 19-234] Refreshing IP repositories
INFO: [IP_Flow 19-1704] No user IP repositories specified
INFO: [IP_Flow 19-2313] Loaded Vivado IP repository 'D:/Xilinx/Vivado/2018.2/data/ip'.
open_project: Time (s): cpu = 00:00:08 ; elapsed = 00:00:05 . Memory (MB): peak = 820.430 ; gain = 85.160
update_compile_order -fileset sources_1
exit
INFO: [Common 17-206] Exiting Vivado at Thu May 26 22:31:53 2022...
